Build started 8/25/2025 5:25:35 PM.
     1>Project "D:\Project1.2\Marvel Mayhem\Marvel Mayhem\Marvel Mayhem.vcxproj" on node 2 (Build target(s)).
     1>ClCompile:
         C:\Program Files (x86)\Microsoft Visual Studio 12.0\VC\bin\CL.exe /c /ZI /nologo /W3 /WX- /sdl /Od /Oy- /D WIN32 /D _DEBUG /D _CONSOLE /D _LIB /D _MBCS /Gm /EHsc /RTC1 /MDd /GS /fp:precise /Zc:wchar_t /Zc:forScope /Fo"Debug\\" /Fd"Debug\vc120.pdb" /Gd /TP /analyze- /errorReport:prompt iMain.cpp
         iMain.cpp
     1>d:\project1.2\marvel mayhem\marvel mayhem\imain.cpp(127): warning C4800: 'int' : forcing value to bool 'true' or 'false' (performance warning)
     1>d:\project1.2\marvel mayhem\marvel mayhem\imain.cpp(128): warning C4800: 'int' : forcing value to bool 'true' or 'false' (performance warning)
     1>d:\project1.2\marvel mayhem\marvel mayhem\imain.cpp(129): warning C4800: 'int' : forcing value to bool 'true' or 'false' (performance warning)
     1>d:\project1.2\marvel mayhem\marvel mayhem\imain.cpp(130): warning C4800: 'int' : forcing value to bool 'true' or 'false' (performance warning)
     1>d:\project1.2\marvel mayhem\marvel mayhem\imain.cpp(134): warning C4800: 'int' : forcing value to bool 'true' or 'false' (performance warning)
     1>d:\project1.2\marvel mayhem\marvel mayhem\imain.cpp(135): warning C4800: 'int' : forcing value to bool 'true' or 'false' (performance warning)
     1>d:\project1.2\marvel mayhem\marvel mayhem\imain.cpp(136): warning C4800: 'int' : forcing value to bool 'true' or 'false' (performance warning)
     1>d:\project1.2\marvel mayhem\marvel mayhem\imain.cpp(137): warning C4800: 'int' : forcing value to bool 'true' or 'false' (performance warning)
       Link:
         C:\Program Files (x86)\Microsoft Visual Studio 12.0\VC\bin\link.exe /ERRORREPORT:PROMPT /OUT:"D:\Project1.2\Marvel Mayhem\Debug\Marvel Mayhem.exe" /INCREMENTAL /NOLOGO kernel32.lib user32.lib gdi32.lib winspool.lib comdlg32.lib advapi32.lib shell32.lib ole32.lib oleaut32.lib uuid.lib odbc32.lib odbccp32.lib /MANIFEST /MANIFESTUAC:"level='asInvoker' uiAccess='false'" /manifest:embed /DEBUG /PDB:"D:\Project1.2\Marvel Mayhem\Debug\Marvel Mayhem.pdb" /SUBSYSTEM:CONSOLE /TLBID:1 /DYNAMICBASE /NXCOMPAT /IMPLIB:"D:\Project1.2\Marvel Mayhem\Debug\Marvel Mayhem.lib" /MACHINE:X86 Debug\iMain.obj
         Glaux.lib
         GLU32.LIB
         glui32.lib
         glut32.lib
         OPENGL32.LIB
         Marvel Mayhem.vcxproj -> D:\Project1.2\Marvel Mayhem\Debug\Marvel Mayhem.exe
     1>Done Building Project "D:\Project1.2\Marvel Mayhem\Marvel Mayhem\Marvel Mayhem.vcxproj" (Build target(s)).

Build succeeded.

Time Elapsed 00:00:01.77
